<?xml version="1.0" encoding="UTF-8" standalone="yes"?>
<ns2:test-suite start="1636095321604" stop="1636095385533" version="1.5.2" xmlns:ns2="urn:model.allure.qatools.yandex.ru">
    <name>As a Amazon user I should be able to login and logout with valid credentials</name>
    <description type="text"></description>
    <test-cases>
        <test-case start="1636095321622" stop="1636095339881" status="broken">
            <name>Login into the application with valid credentials</name>
            <title>Login into the application with valid credentials</title>
            <description type="text"></description>
            <failure>
                <message>NoSuchElementException: no such element: Unable to locate element: {"method":"xpath","selector":"//span[contains(text(),'Sign')]/parent::a"}
  (Session info: chrome=95.0.4638.69)
  (Driver info: chromedriver=2.38.552522 (437e6fbedfa8762dec75e2c5b3ddb86763dc9dcb),platform=Windows NT 10.0.19042 x86_64) (WARNING: The server did not provide any stacktrace information)
Command duration or timeout: 0 milliseconds
For documentation on this error, please visit: http://seleniumhq.org/exceptions/no_such_element.html
Build info: version: '3.11.0', revision: 'e59cfb3', time: '2018-03-11T20:26:55.152Z'
System info: host: 'SHIJU', ip: '192.168.1.102', os.name: 'Windows 10', os.arch: 'amd64', os.version: '10.0', java.version: '1.8.0_301'
Driver info: org.openqa.selenium.chrome.ChromeDriver
Capabilities {acceptInsecureCerts: false, acceptSslCerts: false, applicationCacheEnabled: false, browserConnectionEnabled: false, browserName: chrome, chrome: {chromedriverVersion: 2.38.552522 (437e6fbedfa876..., userDataDir: C:\Users\USER\AppData\Local...}, cssSelectorsEnabled: true, databaseEnabled: false, handlesAlerts: true, hasTouchScreen: false, javascriptEnabled: true, locationContextEnabled: true, mobileEmulationEnabled: false, nativeEvents: true, networkConnectionEnabled: false, pageLoadStrategy: normal, platform: XP, platformName: XP, rotatable: false, setWindowRect: true, takesHeapSnapshot: true, takesScreenshot: true, unexpectedAlertBehaviour: , unhandledPromptBehavior: , version: 95.0.4638.69, webStorageEnabled: true}
Session ID: b60059d3c45f7ff5459be4ae7ff3a431
*** Element info: {Using=xpath, value=//span[contains(text(),'Sign')]/parent::a}</message>
                <stack-trace>org.openqa.selenium.NoSuchElementException: no such element: Unable to locate element: {"method":"xpath","selector":"//span[contains(text(),'Sign')]/parent::a"}
  (Session info: chrome=95.0.4638.69)
  (Driver info: chromedriver=2.38.552522 (437e6fbedfa8762dec75e2c5b3ddb86763dc9dcb),platform=Windows NT 10.0.19042 x86_64) (WARNING: The server did not provide any stacktrace information)
Command duration or timeout: 0 milliseconds
For documentation on this error, please visit: http://seleniumhq.org/exceptions/no_such_element.html
Build info: version: '3.11.0', revision: 'e59cfb3', time: '2018-03-11T20:26:55.152Z'
System info: host: 'SHIJU', ip: '192.168.1.102', os.name: 'Windows 10', os.arch: 'amd64', os.version: '10.0', java.version: '1.8.0_301'
Driver info: org.openqa.selenium.chrome.ChromeDriver
Capabilities {acceptInsecureCerts: false, acceptSslCerts: false, applicationCacheEnabled: false, browserConnectionEnabled: false, browserName: chrome, chrome: {chromedriverVersion: 2.38.552522 (437e6fbedfa876..., userDataDir: C:\Users\USER\AppData\Local...}, cssSelectorsEnabled: true, databaseEnabled: false, handlesAlerts: true, hasTouchScreen: false, javascriptEnabled: true, locationContextEnabled: true, mobileEmulationEnabled: false, nativeEvents: true, networkConnectionEnabled: false, pageLoadStrategy: normal, platform: XP, platformName: XP, rotatable: false, setWindowRect: true, takesHeapSnapshot: true, takesScreenshot: true, unexpectedAlertBehaviour: , unhandledPromptBehavior: , version: 95.0.4638.69, webStorageEnabled: true}
Session ID: b60059d3c45f7ff5459be4ae7ff3a431
*** Element info: {Using=xpath, value=//span[contains(text(),'Sign')]/parent::a}
	at sun.reflect.NativeConstructorAccessorImpl.newInstance0(Native Method)
	at sun.reflect.NativeConstructorAccessorImpl.newInstance(NativeConstructorAccessorImpl.java:62)
	at sun.reflect.DelegatingConstructorAccessorImpl.newInstance(DelegatingConstructorAccessorImpl.java:45)
	at java.lang.reflect.Constructor.newInstance(Constructor.java:423)
	at org.openqa.selenium.remote.ErrorHandler.createThrowable(ErrorHandler.java:214)
	at org.openqa.selenium.remote.ErrorHandler.throwIfResponseFailed(ErrorHandler.java:166)
	at org.openqa.selenium.remote.http.JsonHttpResponseCodec.reconstructValue(JsonHttpResponseCodec.java:40)
	at org.openqa.selenium.remote.http.AbstractHttpResponseCodec.decode(AbstractHttpResponseCodec.java:80)
	at org.openqa.selenium.remote.http.AbstractHttpResponseCodec.decode(AbstractHttpResponseCodec.java:44)
	at org.openqa.selenium.remote.HttpCommandExecutor.execute(HttpCommandExecutor.java:158)
	at org.openqa.selenium.remote.service.DriverCommandExecutor.execute(DriverCommandExecutor.java:83)
	at org.openqa.selenium.remote.RemoteWebDriver.execute(RemoteWebDriver.java:545)
	at org.openqa.selenium.remote.RemoteWebDriver.findElement(RemoteWebDriver.java:319)
	at org.openqa.selenium.remote.RemoteWebDriver.findElementByXPath(RemoteWebDriver.java:421)
	at org.openqa.selenium.By$ByXPath.findElement(By.java:361)
	at org.openqa.selenium.remote.RemoteWebDriver.findElement(RemoteWebDriver.java:311)
	at org.openqa.selenium.support.pagefactory.DefaultElementLocator.findElement(DefaultElementLocator.java:69)
	at org.openqa.selenium.support.pagefactory.internal.LocatingElementHandler.invoke(LocatingElementHandler.java:38)
	at com.sun.proxy.$Proxy20.isDisplayed(Unknown Source)
	at com.cucumberFramework.stepdefinitions.loginLogoutPageStepDefinitions.i_am_already_logged_in(loginLogoutPageStepDefinitions.java:60)
	at ✽.Then I am logged in(login_logout.feature:11)
</stack-trace>
            </failure>
            <steps>
                <step start="1636095328210" stop="1636095331282" status="passed">
                    <name>Given I am on the Login page URL "https://www.amazon.in/"</name>
                    <title>Given I am on the Login page URL "https://www.amazon.in/"</title>
                </step>
                <step start="1636095331282" stop="1636095335010" status="passed">
                    <name>Then I click on sign in button and wait for sign in page</name>
                    <title>Then I click on sign in button and wait for sign in page</title>
                </step>
                <step start="1636095335011" stop="1636095335037" status="passed">
                    <name>Then I should see Sign In Page</name>
                    <title>Then I should see Sign In Page</title>
                </step>
                <step start="1636095335037" stop="1636095335129" status="passed">
                    <name>When I enter username as "9946694430"</name>
                    <title>When I enter username as "9946694430"</title>
                </step>
                <step start="1636095335129" stop="1636095336392" status="passed">
                    <name>And I Click on Continue button</name>
                    <title>And I Click on Continue button</title>
                </step>
                <step start="1636095336393" stop="1636095336545" status="passed">
                    <name>And I enter password as "mangobite@777"</name>
                    <title>And I enter password as "mangobite@777"</title>
                </step>
                <step start="1636095336545" stop="1636095336616" status="passed">
                    <name>And click on login button</name>
                    <title>And click on login button</title>
                </step>
                <step start="1636095336616" stop="1636095338592" status="broken">
                    <name>Then I am logged in</name>
                    <title>Then I am logged in</title>
                </step>
                <step start="1636095338592" stop="1636095338594" status="canceled">
                    <name>And I clear cart items if any</name>
                    <title>And I clear cart items if any</title>
                </step>
                <step start="1636095338594" stop="1636095338594" status="canceled">
                    <name>Then I choose Electronincs&gt;Headphones and headphones list out</name>
                    <title>Then I choose Electronincs&gt;Headphones and headphones list out</title>
                </step>
                <step start="1636095338594" stop="1636095338594" status="canceled">
                    <name>Then I add first availabe headphone to cart</name>
                    <title>Then I add first availabe headphone to cart</title>
                </step>
                <step start="1636095338595" stop="1636095338595" status="canceled">
                    <name>Then I search "Macbook pro" and add second available item to cart</name>
                    <title>Then I search "Macbook pro" and add second available item to cart</title>
                </step>
                <step start="1636095338595" stop="1636095338595" status="canceled">
                    <name>Then I Select cart from home and remove the earlier added headphones</name>
                    <title>Then I Select cart from home and remove the earlier added headphones</title>
                </step>
                <step start="1636095338595" stop="1636095338595" status="canceled">
                    <name>Then I Reduce the Quantity of the macbook pro product to one and proceed to checkout</name>
                    <title>Then I Reduce the Quantity of the macbook pro product to one and proceed to checkout</title>
                </step>
                <step start="1636095338595" stop="1636095338595" status="canceled">
                    <name>And I Click on Sign out</name>
                    <title>And I Click on Sign out</title>
                </step>
                <step start="1636095338596" stop="1636095338596" status="canceled">
                    <name>Then I got log out from the application and land on sign in page</name>
                    <title>Then I got log out from the application and land on sign in page</title>
                </step>
            </steps>
            <attachments>
                <attachment title="attachment0" source="c6c7897c-2096-4b9b-abdd-18de0f16406b-attachment.png" type="image/png"/>
            </attachments>
            <labels>
                <label name="story" value="Login into the application with valid credentials"/>
                <label name="feature" value="As a Amazon user I should be able to login and logout with valid credentials"/>
                <label name="host" value="SHIJU"/>
                <label name="thread" value="10504@SHIJU.main(1)"/>
                <label name="framework" value="CucumberJVM"/>
            </labels>
        </test-case>
        <test-case start="1636095339882" stop="1636095355019" status="broken">
            <name>Searching different products after login</name>
            <title>Searching different products after login</title>
            <description type="text"></description>
            <failure>
                <message>NoSuchElementException: no such element: Unable to locate element: {"method":"xpath","selector":"//span[contains(text(),'Sign')]/parent::a"}
  (Session info: chrome=95.0.4638.69)
  (Driver info: chromedriver=2.38.552522 (437e6fbedfa8762dec75e2c5b3ddb86763dc9dcb),platform=Windows NT 10.0.19042 x86_64) (WARNING: The server did not provide any stacktrace information)
Command duration or timeout: 0 milliseconds
For documentation on this error, please visit: http://seleniumhq.org/exceptions/no_such_element.html
Build info: version: '3.11.0', revision: 'e59cfb3', time: '2018-03-11T20:26:55.152Z'
System info: host: 'SHIJU', ip: '192.168.1.102', os.name: 'Windows 10', os.arch: 'amd64', os.version: '10.0', java.version: '1.8.0_301'
Driver info: org.openqa.selenium.chrome.ChromeDriver
Capabilities {acceptInsecureCerts: false, acceptSslCerts: false, applicationCacheEnabled: false, browserConnectionEnabled: false, browserName: chrome, chrome: {chromedriverVersion: 2.38.552522 (437e6fbedfa876..., userDataDir: C:\Users\USER\AppData\Local...}, cssSelectorsEnabled: true, databaseEnabled: false, handlesAlerts: true, hasTouchScreen: false, javascriptEnabled: true, locationContextEnabled: true, mobileEmulationEnabled: false, nativeEvents: true, networkConnectionEnabled: false, pageLoadStrategy: normal, platform: XP, platformName: XP, rotatable: false, setWindowRect: true, takesHeapSnapshot: true, takesScreenshot: true, unexpectedAlertBehaviour: , unhandledPromptBehavior: , version: 95.0.4638.69, webStorageEnabled: true}
Session ID: 4bc48a3e39a7c2240f42a90eb6f3651a
*** Element info: {Using=xpath, value=//span[contains(text(),'Sign')]/parent::a}</message>
                <stack-trace>org.openqa.selenium.NoSuchElementException: no such element: Unable to locate element: {"method":"xpath","selector":"//span[contains(text(),'Sign')]/parent::a"}
  (Session info: chrome=95.0.4638.69)
  (Driver info: chromedriver=2.38.552522 (437e6fbedfa8762dec75e2c5b3ddb86763dc9dcb),platform=Windows NT 10.0.19042 x86_64) (WARNING: The server did not provide any stacktrace information)
Command duration or timeout: 0 milliseconds
For documentation on this error, please visit: http://seleniumhq.org/exceptions/no_such_element.html
Build info: version: '3.11.0', revision: 'e59cfb3', time: '2018-03-11T20:26:55.152Z'
System info: host: 'SHIJU', ip: '192.168.1.102', os.name: 'Windows 10', os.arch: 'amd64', os.version: '10.0', java.version: '1.8.0_301'
Driver info: org.openqa.selenium.chrome.ChromeDriver
Capabilities {acceptInsecureCerts: false, acceptSslCerts: false, applicationCacheEnabled: false, browserConnectionEnabled: false, browserName: chrome, chrome: {chromedriverVersion: 2.38.552522 (437e6fbedfa876..., userDataDir: C:\Users\USER\AppData\Local...}, cssSelectorsEnabled: true, databaseEnabled: false, handlesAlerts: true, hasTouchScreen: false, javascriptEnabled: true, locationContextEnabled: true, mobileEmulationEnabled: false, nativeEvents: true, networkConnectionEnabled: false, pageLoadStrategy: normal, platform: XP, platformName: XP, rotatable: false, setWindowRect: true, takesHeapSnapshot: true, takesScreenshot: true, unexpectedAlertBehaviour: , unhandledPromptBehavior: , version: 95.0.4638.69, webStorageEnabled: true}
Session ID: 4bc48a3e39a7c2240f42a90eb6f3651a
*** Element info: {Using=xpath, value=//span[contains(text(),'Sign')]/parent::a}
	at sun.reflect.NativeConstructorAccessorImpl.newInstance0(Native Method)
	at sun.reflect.NativeConstructorAccessorImpl.newInstance(NativeConstructorAccessorImpl.java:62)
	at sun.reflect.DelegatingConstructorAccessorImpl.newInstance(DelegatingConstructorAccessorImpl.java:45)
	at java.lang.reflect.Constructor.newInstance(Constructor.java:423)
	at org.openqa.selenium.remote.ErrorHandler.createThrowable(ErrorHandler.java:214)
	at org.openqa.selenium.remote.ErrorHandler.throwIfResponseFailed(ErrorHandler.java:166)
	at org.openqa.selenium.remote.http.JsonHttpResponseCodec.reconstructValue(JsonHttpResponseCodec.java:40)
	at org.openqa.selenium.remote.http.AbstractHttpResponseCodec.decode(AbstractHttpResponseCodec.java:80)
	at org.openqa.selenium.remote.http.AbstractHttpResponseCodec.decode(AbstractHttpResponseCodec.java:44)
	at org.openqa.selenium.remote.HttpCommandExecutor.execute(HttpCommandExecutor.java:158)
	at org.openqa.selenium.remote.service.DriverCommandExecutor.execute(DriverCommandExecutor.java:83)
	at org.openqa.selenium.remote.RemoteWebDriver.execute(RemoteWebDriver.java:545)
	at org.openqa.selenium.remote.RemoteWebDriver.findElement(RemoteWebDriver.java:319)
	at org.openqa.selenium.remote.RemoteWebDriver.findElementByXPath(RemoteWebDriver.java:421)
	at org.openqa.selenium.By$ByXPath.findElement(By.java:361)
	at org.openqa.selenium.remote.RemoteWebDriver.findElement(RemoteWebDriver.java:311)
	at org.openqa.selenium.support.pagefactory.DefaultElementLocator.findElement(DefaultElementLocator.java:69)
	at org.openqa.selenium.support.pagefactory.internal.LocatingElementHandler.invoke(LocatingElementHandler.java:38)
	at com.sun.proxy.$Proxy20.isDisplayed(Unknown Source)
	at com.cucumberFramework.stepdefinitions.loginLogoutPageStepDefinitions.i_am_already_logged_in(loginLogoutPageStepDefinitions.java:60)
	at ✽.Then I am logged in(login_logout.feature:30)
</stack-trace>
            </failure>
            <steps>
                <step start="1636095345143" stop="1636095348253" status="passed">
                    <name>Given I am on the Login page URL "https://www.amazon.in/"</name>
                    <title>Given I am on the Login page URL "https://www.amazon.in/"</title>
                </step>
                <step start="1636095348253" stop="1636095350469" status="passed">
                    <name>Then I click on sign in button and wait for sign in page</name>
                    <title>Then I click on sign in button and wait for sign in page</title>
                </step>
                <step start="1636095350469" stop="1636095350496" status="passed">
                    <name>Then I should see Sign In Page</name>
                    <title>Then I should see Sign In Page</title>
                </step>
                <step start="1636095350497" stop="1636095350623" status="passed">
                    <name>When I enter username as "9946694430"</name>
                    <title>When I enter username as "9946694430"</title>
                </step>
                <step start="1636095350623" stop="1636095351920" status="passed">
                    <name>And I Click on Continue button</name>
                    <title>And I Click on Continue button</title>
                </step>
                <step start="1636095351921" stop="1636095352067" status="passed">
                    <name>And I enter password as "mangobite@777"</name>
                    <title>And I enter password as "mangobite@777"</title>
                </step>
                <step start="1636095352067" stop="1636095352164" status="passed">
                    <name>And click on login button</name>
                    <title>And click on login button</title>
                </step>
                <step start="1636095352164" stop="1636095353974" status="broken">
                    <name>Then I am logged in</name>
                    <title>Then I am logged in</title>
                </step>
                <step start="1636095353975" stop="1636095353975" status="canceled">
                    <name>And I search different "laptops" from the search bar</name>
                    <title>And I search different "laptops" from the search bar</title>
                </step>
            </steps>
            <attachments>
                <attachment title="attachment1" source="9180632f-c437-40e3-b572-73856c86d638-attachment.png" type="image/png"/>
            </attachments>
            <labels>
                <label name="story" value="Searching different products after login"/>
                <label name="feature" value="As a Amazon user I should be able to login and logout with valid credentials"/>
                <label name="host" value="SHIJU"/>
                <label name="thread" value="10504@SHIJU.main(1)"/>
                <label name="framework" value="CucumberJVM"/>
            </labels>
        </test-case>
        <test-case start="1636095355021" stop="1636095370039" status="broken">
            <name>Searching different products after login</name>
            <title>Searching different products after login</title>
            <description type="text"></description>
            <failure>
                <message>NoSuchElementException: no such element: Unable to locate element: {"method":"xpath","selector":"//span[contains(text(),'Sign')]/parent::a"}
  (Session info: chrome=95.0.4638.69)
  (Driver info: chromedriver=2.38.552522 (437e6fbedfa8762dec75e2c5b3ddb86763dc9dcb),platform=Windows NT 10.0.19042 x86_64) (WARNING: The server did not provide any stacktrace information)
Command duration or timeout: 0 milliseconds
For documentation on this error, please visit: http://seleniumhq.org/exceptions/no_such_element.html
Build info: version: '3.11.0', revision: 'e59cfb3', time: '2018-03-11T20:26:55.152Z'
System info: host: 'SHIJU', ip: '192.168.1.102', os.name: 'Windows 10', os.arch: 'amd64', os.version: '10.0', java.version: '1.8.0_301'
Driver info: org.openqa.selenium.chrome.ChromeDriver
Capabilities {acceptInsecureCerts: false, acceptSslCerts: false, applicationCacheEnabled: false, browserConnectionEnabled: false, browserName: chrome, chrome: {chromedriverVersion: 2.38.552522 (437e6fbedfa876..., userDataDir: C:\Users\USER\AppData\Local...}, cssSelectorsEnabled: true, databaseEnabled: false, handlesAlerts: true, hasTouchScreen: false, javascriptEnabled: true, locationContextEnabled: true, mobileEmulationEnabled: false, nativeEvents: true, networkConnectionEnabled: false, pageLoadStrategy: normal, platform: XP, platformName: XP, rotatable: false, setWindowRect: true, takesHeapSnapshot: true, takesScreenshot: true, unexpectedAlertBehaviour: , unhandledPromptBehavior: , version: 95.0.4638.69, webStorageEnabled: true}
Session ID: acea0e39434659c1deb599c1012c6c16
*** Element info: {Using=xpath, value=//span[contains(text(),'Sign')]/parent::a}</message>
                <stack-trace>org.openqa.selenium.NoSuchElementException: no such element: Unable to locate element: {"method":"xpath","selector":"//span[contains(text(),'Sign')]/parent::a"}
  (Session info: chrome=95.0.4638.69)
  (Driver info: chromedriver=2.38.552522 (437e6fbedfa8762dec75e2c5b3ddb86763dc9dcb),platform=Windows NT 10.0.19042 x86_64) (WARNING: The server did not provide any stacktrace information)
Command duration or timeout: 0 milliseconds
For documentation on this error, please visit: http://seleniumhq.org/exceptions/no_such_element.html
Build info: version: '3.11.0', revision: 'e59cfb3', time: '2018-03-11T20:26:55.152Z'
System info: host: 'SHIJU', ip: '192.168.1.102', os.name: 'Windows 10', os.arch: 'amd64', os.version: '10.0', java.version: '1.8.0_301'
Driver info: org.openqa.selenium.chrome.ChromeDriver
Capabilities {acceptInsecureCerts: false, acceptSslCerts: false, applicationCacheEnabled: false, browserConnectionEnabled: false, browserName: chrome, chrome: {chromedriverVersion: 2.38.552522 (437e6fbedfa876..., userDataDir: C:\Users\USER\AppData\Local...}, cssSelectorsEnabled: true, databaseEnabled: false, handlesAlerts: true, hasTouchScreen: false, javascriptEnabled: true, locationContextEnabled: true, mobileEmulationEnabled: false, nativeEvents: true, networkConnectionEnabled: false, pageLoadStrategy: normal, platform: XP, platformName: XP, rotatable: false, setWindowRect: true, takesHeapSnapshot: true, takesScreenshot: true, unexpectedAlertBehaviour: , unhandledPromptBehavior: , version: 95.0.4638.69, webStorageEnabled: true}
Session ID: acea0e39434659c1deb599c1012c6c16
*** Element info: {Using=xpath, value=//span[contains(text(),'Sign')]/parent::a}
	at sun.reflect.NativeConstructorAccessorImpl.newInstance0(Native Method)
	at sun.reflect.NativeConstructorAccessorImpl.newInstance(NativeConstructorAccessorImpl.java:62)
	at sun.reflect.DelegatingConstructorAccessorImpl.newInstance(DelegatingConstructorAccessorImpl.java:45)
	at java.lang.reflect.Constructor.newInstance(Constructor.java:423)
	at org.openqa.selenium.remote.ErrorHandler.createThrowable(ErrorHandler.java:214)
	at org.openqa.selenium.remote.ErrorHandler.throwIfResponseFailed(ErrorHandler.java:166)
	at org.openqa.selenium.remote.http.JsonHttpResponseCodec.reconstructValue(JsonHttpResponseCodec.java:40)
	at org.openqa.selenium.remote.http.AbstractHttpResponseCodec.decode(AbstractHttpResponseCodec.java:80)
	at org.openqa.selenium.remote.http.AbstractHttpResponseCodec.decode(AbstractHttpResponseCodec.java:44)
	at org.openqa.selenium.remote.HttpCommandExecutor.execute(HttpCommandExecutor.java:158)
	at org.openqa.selenium.remote.service.DriverCommandExecutor.execute(DriverCommandExecutor.java:83)
	at org.openqa.selenium.remote.RemoteWebDriver.execute(RemoteWebDriver.java:545)
	at org.openqa.selenium.remote.RemoteWebDriver.findElement(RemoteWebDriver.java:319)
	at org.openqa.selenium.remote.RemoteWebDriver.findElementByXPath(RemoteWebDriver.java:421)
	at org.openqa.selenium.By$ByXPath.findElement(By.java:361)
	at org.openqa.selenium.remote.RemoteWebDriver.findElement(RemoteWebDriver.java:311)
	at org.openqa.selenium.support.pagefactory.DefaultElementLocator.findElement(DefaultElementLocator.java:69)
	at org.openqa.selenium.support.pagefactory.internal.LocatingElementHandler.invoke(LocatingElementHandler.java:38)
	at com.sun.proxy.$Proxy20.isDisplayed(Unknown Source)
	at com.cucumberFramework.stepdefinitions.loginLogoutPageStepDefinitions.i_am_already_logged_in(loginLogoutPageStepDefinitions.java:60)
	at ✽.Then I am logged in(login_logout.feature:30)
</stack-trace>
            </failure>
            <steps>
                <step start="1636095360247" stop="1636095363705" status="passed">
                    <name>Given I am on the Login page URL "https://www.amazon.in/"</name>
                    <title>Given I am on the Login page URL "https://www.amazon.in/"</title>
                </step>
                <step start="1636095363705" stop="1636095365915" status="passed">
                    <name>Then I click on sign in button and wait for sign in page</name>
                    <title>Then I click on sign in button and wait for sign in page</title>
                </step>
                <step start="1636095365915" stop="1636095365929" status="passed">
                    <name>Then I should see Sign In Page</name>
                    <title>Then I should see Sign In Page</title>
                </step>
                <step start="1636095365929" stop="1636095366015" status="passed">
                    <name>When I enter username as "9946694430"</name>
                    <title>When I enter username as "9946694430"</title>
                </step>
                <step start="1636095366015" stop="1636095367084" status="passed">
                    <name>And I Click on Continue button</name>
                    <title>And I Click on Continue button</title>
                </step>
                <step start="1636095367084" stop="1636095367208" status="passed">
                    <name>And I enter password as "mangobite@777"</name>
                    <title>And I enter password as "mangobite@777"</title>
                </step>
                <step start="1636095367209" stop="1636095367305" status="passed">
                    <name>And click on login button</name>
                    <title>And click on login button</title>
                </step>
                <step start="1636095367305" stop="1636095369007" status="broken">
                    <name>Then I am logged in</name>
                    <title>Then I am logged in</title>
                </step>
                <step start="1636095369007" stop="1636095369007" status="canceled">
                    <name>And I search different "pendrive" from the search bar</name>
                    <title>And I search different "pendrive" from the search bar</title>
                </step>
            </steps>
            <attachments>
                <attachment title="attachment2" source="cbd1f0d4-e824-4792-b369-a6b320062c86-attachment.png" type="image/png"/>
            </attachments>
            <labels>
                <label name="story" value="Searching different products after login"/>
                <label name="feature" value="As a Amazon user I should be able to login and logout with valid credentials"/>
                <label name="host" value="SHIJU"/>
                <label name="thread" value="10504@SHIJU.main(1)"/>
                <label name="framework" value="CucumberJVM"/>
            </labels>
        </test-case>
        <test-case start="1636095370041" stop="1636095385524" status="broken">
            <name>Searching different products after login</name>
            <title>Searching different products after login</title>
            <description type="text"></description>
            <failure>
                <message>NoSuchElementException: no such element: Unable to locate element: {"method":"xpath","selector":"//span[contains(text(),'Sign')]/parent::a"}
  (Session info: chrome=95.0.4638.69)
  (Driver info: chromedriver=2.38.552522 (437e6fbedfa8762dec75e2c5b3ddb86763dc9dcb),platform=Windows NT 10.0.19042 x86_64) (WARNING: The server did not provide any stacktrace information)
Command duration or timeout: 0 milliseconds
For documentation on this error, please visit: http://seleniumhq.org/exceptions/no_such_element.html
Build info: version: '3.11.0', revision: 'e59cfb3', time: '2018-03-11T20:26:55.152Z'
System info: host: 'SHIJU', ip: '192.168.1.102', os.name: 'Windows 10', os.arch: 'amd64', os.version: '10.0', java.version: '1.8.0_301'
Driver info: org.openqa.selenium.chrome.ChromeDriver
Capabilities {acceptInsecureCerts: false, acceptSslCerts: false, applicationCacheEnabled: false, browserConnectionEnabled: false, browserName: chrome, chrome: {chromedriverVersion: 2.38.552522 (437e6fbedfa876..., userDataDir: C:\Users\USER\AppData\Local...}, cssSelectorsEnabled: true, databaseEnabled: false, handlesAlerts: true, hasTouchScreen: false, javascriptEnabled: true, locationContextEnabled: true, mobileEmulationEnabled: false, nativeEvents: true, networkConnectionEnabled: false, pageLoadStrategy: normal, platform: XP, platformName: XP, rotatable: false, setWindowRect: true, takesHeapSnapshot: true, takesScreenshot: true, unexpectedAlertBehaviour: , unhandledPromptBehavior: , version: 95.0.4638.69, webStorageEnabled: true}
Session ID: cd73150bf5483de008365b3b1a642492
*** Element info: {Using=xpath, value=//span[contains(text(),'Sign')]/parent::a}</message>
                <stack-trace>org.openqa.selenium.NoSuchElementException: no such element: Unable to locate element: {"method":"xpath","selector":"//span[contains(text(),'Sign')]/parent::a"}
  (Session info: chrome=95.0.4638.69)
  (Driver info: chromedriver=2.38.552522 (437e6fbedfa8762dec75e2c5b3ddb86763dc9dcb),platform=Windows NT 10.0.19042 x86_64) (WARNING: The server did not provide any stacktrace information)
Command duration or timeout: 0 milliseconds
For documentation on this error, please visit: http://seleniumhq.org/exceptions/no_such_element.html
Build info: version: '3.11.0', revision: 'e59cfb3', time: '2018-03-11T20:26:55.152Z'
System info: host: 'SHIJU', ip: '192.168.1.102', os.name: 'Windows 10', os.arch: 'amd64', os.version: '10.0', java.version: '1.8.0_301'
Driver info: org.openqa.selenium.chrome.ChromeDriver
Capabilities {acceptInsecureCerts: false, acceptSslCerts: false, applicationCacheEnabled: false, browserConnectionEnabled: false, browserName: chrome, chrome: {chromedriverVersion: 2.38.552522 (437e6fbedfa876..., userDataDir: C:\Users\USER\AppData\Local...}, cssSelectorsEnabled: true, databaseEnabled: false, handlesAlerts: true, hasTouchScreen: false, javascriptEnabled: true, locationContextEnabled: true, mobileEmulationEnabled: false, nativeEvents: true, networkConnectionEnabled: false, pageLoadStrategy: normal, platform: XP, platformName: XP, rotatable: false, setWindowRect: true, takesHeapSnapshot: true, takesScreenshot: true, unexpectedAlertBehaviour: , unhandledPromptBehavior: , version: 95.0.4638.69, webStorageEnabled: true}
Session ID: cd73150bf5483de008365b3b1a642492
*** Element info: {Using=xpath, value=//span[contains(text(),'Sign')]/parent::a}
	at sun.reflect.NativeConstructorAccessorImpl.newInstance0(Native Method)
	at sun.reflect.NativeConstructorAccessorImpl.newInstance(NativeConstructorAccessorImpl.java:62)
	at sun.reflect.DelegatingConstructorAccessorImpl.newInstance(DelegatingConstructorAccessorImpl.java:45)
	at java.lang.reflect.Constructor.newInstance(Constructor.java:423)
	at org.openqa.selenium.remote.ErrorHandler.createThrowable(ErrorHandler.java:214)
	at org.openqa.selenium.remote.ErrorHandler.throwIfResponseFailed(ErrorHandler.java:166)
	at org.openqa.selenium.remote.http.JsonHttpResponseCodec.reconstructValue(JsonHttpResponseCodec.java:40)
	at org.openqa.selenium.remote.http.AbstractHttpResponseCodec.decode(AbstractHttpResponseCodec.java:80)
	at org.openqa.selenium.remote.http.AbstractHttpResponseCodec.decode(AbstractHttpResponseCodec.java:44)
	at org.openqa.selenium.remote.HttpCommandExecutor.execute(HttpCommandExecutor.java:158)
	at org.openqa.selenium.remote.service.DriverCommandExecutor.execute(DriverCommandExecutor.java:83)
	at org.openqa.selenium.remote.RemoteWebDriver.execute(RemoteWebDriver.java:545)
	at org.openqa.selenium.remote.RemoteWebDriver.findElement(RemoteWebDriver.java:319)
	at org.openqa.selenium.remote.RemoteWebDriver.findElementByXPath(RemoteWebDriver.java:421)
	at org.openqa.selenium.By$ByXPath.findElement(By.java:361)
	at org.openqa.selenium.remote.RemoteWebDriver.findElement(RemoteWebDriver.java:311)
	at org.openqa.selenium.support.pagefactory.DefaultElementLocator.findElement(DefaultElementLocator.java:69)
	at org.openqa.selenium.support.pagefactory.internal.LocatingElementHandler.invoke(LocatingElementHandler.java:38)
	at com.sun.proxy.$Proxy20.isDisplayed(Unknown Source)
	at com.cucumberFramework.stepdefinitions.loginLogoutPageStepDefinitions.i_am_already_logged_in(loginLogoutPageStepDefinitions.java:60)
	at ✽.Then I am logged in(login_logout.feature:30)
</stack-trace>
            </failure>
            <steps>
                <step start="1636095375304" stop="1636095378094" status="passed">
                    <name>Given I am on the Login page URL "https://www.amazon.in/"</name>
                    <title>Given I am on the Login page URL "https://www.amazon.in/"</title>
                </step>
                <step start="1636095378094" stop="1636095380551" status="passed">
                    <name>Then I click on sign in button and wait for sign in page</name>
                    <title>Then I click on sign in button and wait for sign in page</title>
                </step>
                <step start="1636095380552" stop="1636095380566" status="passed">
                    <name>Then I should see Sign In Page</name>
                    <title>Then I should see Sign In Page</title>
                </step>
                <step start="1636095380567" stop="1636095380677" status="passed">
                    <name>When I enter username as "9946694430"</name>
                    <title>When I enter username as "9946694430"</title>
                </step>
                <step start="1636095380678" stop="1636095381991" status="passed">
                    <name>And I Click on Continue button</name>
                    <title>And I Click on Continue button</title>
                </step>
                <step start="1636095381991" stop="1636095382078" status="passed">
                    <name>And I enter password as "mangobite@777"</name>
                    <title>And I enter password as "mangobite@777"</title>
                </step>
                <step start="1636095382078" stop="1636095382234" status="passed">
                    <name>And click on login button</name>
                    <title>And click on login button</title>
                </step>
                <step start="1636095382234" stop="1636095384483" status="broken">
                    <name>Then I am logged in</name>
                    <title>Then I am logged in</title>
                </step>
                <step start="1636095384483" stop="1636095384483" status="canceled">
                    <name>And I search different "led tv" from the search bar</name>
                    <title>And I search different "led tv" from the search bar</title>
                </step>
            </steps>
            <attachments>
                <attachment title="attachment3" source="b5b93919-e0dd-4774-a4f8-a3a29b94876e-attachment.png" type="image/png"/>
            </attachments>
            <labels>
                <label name="story" value="Searching different products after login"/>
                <label name="feature" value="As a Amazon user I should be able to login and logout with valid credentials"/>
                <label name="host" value="SHIJU"/>
                <label name="thread" value="10504@SHIJU.main(1)"/>
                <label name="framework" value="CucumberJVM"/>
            </labels>
        </test-case>
    </test-cases>
    <labels>
        <label name="feature" value="As a Amazon user I should be able to login and logout with valid credentials"/>
        <label name="language" value="JAVA"/>
    </labels>
</ns2:test-suite>
