<?xml version="1.0" encoding="UTF-8"?>
<testng-results skipped="0" failed="0" total="1" passed="1">
  <reporter-output>
  </reporter-output>
  <suite name="Default suite" duration-ms="82738" started-at="2021-11-22T06:33:01Z" finished-at="2021-11-22T06:34:24Z">
    <groups>
      <group name="cucumber">
        <method signature="TestRunner.feature(cucumber.api.testng.CucumberFeatureWrapper)[pri:0, instance:com.cucumberFramework.testRunner.TestRunner@1f9f381d]" name="feature" class="com.cucumberFramework.testRunner.TestRunner"/>
      </group> <!-- cucumber -->
    </groups>
    <test name="Default test" duration-ms="82738" started-at="2021-11-22T06:33:01Z" finished-at="2021-11-22T06:34:24Z">
      <class name="com.cucumberFramework.testRunner.TestRunner">
        <test-method status="PASS" signature="setUpClass()[pri:0, instance:com.cucumberFramework.testRunner.TestRunner@1f9f381d]" name="setUpClass" is-config="true" duration-ms="556" started-at="2021-11-22T12:03:01Z" finished-at="2021-11-22T12:03:01Z">
          <reporter-output>
          </reporter-output>
        </test-method> <!-- setUpClass -->
        <test-method status="PASS" signature="feature(cucumber.api.testng.CucumberFeatureWrapper)[pri:0, instance:com.cucumberFramework.testRunner.TestRunner@1f9f381d]" name="feature" duration-ms="81915" started-at="2021-11-22T12:03:02Z" description="Runs cucmber Features" data-provider="features" finished-at="2021-11-22T12:04:24Z">
          <params>
            <param index="0">
              <value>
                <![CDATA[Flipkart user should be able to logIn using valid credentials and should be able to add items to cart]]>
              </value>
            </param>
          </params>
          <reporter-output>
          </reporter-output>
        </test-method> <!-- feature -->
        <test-method status="PASS" signature="testDownClass()[pri:0, instance:com.cucumberFramework.testRunner.TestRunner@1f9f381d]" name="testDownClass" is-config="true" duration-ms="8" started-at="2021-11-22T12:04:24Z" finished-at="2021-11-22T12:04:24Z">
          <reporter-output>
          </reporter-output>
        </test-method> <!-- testDownClass -->
      </class> <!-- com.cucumberFramework.testRunner.TestRunner -->
    </test> <!-- Default test -->
  </suite> <!-- Default suite -->
</testng-results>
